<?xml version="1.0" encoding="UTF-8"?>
<!-- Generated by org.testng.reporters.JUnitReportReporter -->
<testsuite hostname="LAPTOP-5KMFOFH9" failures="0" tests="1" name="com.WebElementsHandling.CalendarAutomation_Redbus" time="6.092" errors="0" timestamp="2025-02-23T10:43:54 IST" skipped="0">
  <testcase classname="com.WebElementsHandling.CalendarAutomation_Redbus" name="testCalendar" time="6.092"/>
  <system-out/>
</testsuite> <!-- com.WebElementsHandling.CalendarAutomation_Redbus -->
