<?xml version="1.0" encoding="UTF-8"?>
<!-- Generated by org.testng.reporters.JUnitReportReporter -->
<testsuite hostname="LAPTOP-5KMFOFH9" failures="0" tests="1" name="com.WebElementsHandling.FacebookDropdown_SelectBased" time="5.818" errors="0" timestamp="2025-02-22T11:49:14 IST" skipped="0">
  <testcase classname="com.WebElementsHandling.FacebookDropdown_SelectBased" name="testDropDown" time="5.818"/>
  <system-out/>
</testsuite> <!-- com.WebElementsHandling.FacebookDropdown_SelectBased -->
