<?xml version="1.0" encoding="UTF-8"?>
<!-- Generated by org.testng.reporters.JUnitReportReporter -->
<testsuite hostname="LAPTOP-5KMFOFH9" failures="0" tests="1" name="com.WebElementsHandling.AmazonDropdown_SelectBased" time="6.371" errors="0" timestamp="2025-02-22T11:50:34 IST" skipped="0">
  <testcase classname="com.WebElementsHandling.AmazonDropdown_SelectBased" name="testDropDown" time="6.371"/>
  <system-out/>
</testsuite> <!-- com.WebElementsHandling.AmazonDropdown_SelectBased -->
