<?xml version="1.0" encoding="UTF-8"?>
<!-- Generated by org.testng.reporters.JUnitReportReporter -->
<testsuite hostname="LAPTOP-5KMFOFH9" failures="0" tests="1" name="com.WebElementsHandling.DissappearDropdown_Orangehrm" time="10.995" errors="0" timestamp="2025-02-23T10:17:55 IST" skipped="0">
  <testcase classname="com.WebElementsHandling.DissappearDropdown_Orangehrm" name="testDropdown" time="10.995"/>
  <system-out/>
</testsuite> <!-- com.WebElementsHandling.DissappearDropdown_Orangehrm -->
