<?xml version="1.0" encoding="UTF-8"?>
<!-- Generated by org.testng.reporters.JUnitReportReporter -->
<testsuite hostname="LAPTOP-5KMFOFH9" failures="0" tests="1" name="com.WebElementsHandling.BootstrapDropdown_Goibibo" time="5.953" errors="0" timestamp="2025-02-23T09:59:52 IST" skipped="0">
  <testcase classname="com.WebElementsHandling.BootstrapDropdown_Goibibo" name="testDropdown" time="5.953"/>
  <system-out/>
</testsuite> <!-- com.WebElementsHandling.BootstrapDropdown_Goibibo -->
