<?xml version="1.0" encoding="UTF-8"?>
<!-- Generated by org.testng.reporters.JUnitReportReporter -->
<testsuite hostname="LAPTOP-5KMFOFH9" failures="0" tests="1" name="com.WebElementsHandling.AutoSuggestionDropdown_Redbus" time="4.703" errors="0" timestamp="2025-02-23T09:48:00 IST" skipped="0">
  <testcase classname="com.WebElementsHandling.AutoSuggestionDropdown_Redbus" name="testDropdown" time="4.703"/>
  <system-out/>
</testsuite> <!-- com.WebElementsHandling.AutoSuggestionDropdown_Redbus -->
